13:50:25.355 sip_endpoint.c  .Module "mod-pjsua-log" registered
13:50:25.355 sip_endpoint.c  .Module "mod-tsx-layer" registered
13:50:25.355 sip_endpoint.c  .Module "mod-stateful-util" registered
13:50:25.355 sip_endpoint.c  .Module "mod-ua" registered
13:50:25.355 sip_endpoint.c  .Module "mod-100rel" registered
13:50:25.355 sip_endpoint.c  .Module "mod-pjsua" registered
13:50:25.355 sip_endpoint.c  .Module "mod-invite" registered
13:50:25.454       pa_dev.c  ..PortAudio sound library initialized, status=0
13:50:25.454       pa_dev.c  ..PortAudio host api count=3
13:50:25.454       pa_dev.c  ..Sound device count=10
13:50:25.457     wmme_dev.c  ..WMME found 4 devices:
13:50:25.457     wmme_dev.c  .. dev_id 0: Wave mapper  (in=2, out=2)
13:50:25.457     wmme_dev.c  .. dev_id 1: Микрофон (Realtek High Definiti  (in=2, out=0)
13:50:25.457     wmme_dev.c  .. dev_id 2: Громкоговоритель и наушники (Re  (in=0, out=2)
13:50:25.457     wmme_dev.c  .. dev_id 3: Digital Output(Optical) (Realte  (in=0, out=2)
13:50:25.457     wmme_dev.c  ..WMME initialized
13:50:25.457          pjlib  ..select() I/O Queue created (02AC97D4)
13:50:25.458   conference.c  ..Creating conference bridge with 254 ports
13:50:25.458   Master/sound  ..Using delay buffer with WSOLA.
13:50:25.463    pjsua_vid.c  ..Initializing video subsystem..
13:50:25.465 ffmpeg_codecs.  ...No recognized raw format for codec [libx264rgb/libx264 H.264 / AVC / MPEG-4 AVC / MPEG-4 part 10 RGB], codec ignored
13:50:25.465 ffmpeg_codecs.  ...Cannot find H264 encoder in ffmpeg library
13:50:25.465 ffmpeg_codecs.  ...The XVID codec is using base codec (MP4V)
13:50:25.484 colorbar_dev.c  ...Colorbar video src initialized with 1 device(s):
13:50:25.484 colorbar_dev.c  ... 0: Colorbar generator
13:50:25.484      sdl_dev.c  ...SDL 1.3 initialized
13:50:25.485 sip_endpoint.c  .Module "mod-evsub" registered
13:50:25.485 sip_endpoint.c  .Module "mod-presence" registered
13:50:25.485        evsub.c  .Event pkg "presence" registered by mod-presence
13:50:25.485 sip_endpoint.c  .Module "mod-mwi" registered
13:50:25.485        evsub.c  .Event pkg "message-summary" registered by mod-mwi
13:50:25.485 sip_endpoint.c  .Module "mod-refer" registered
13:50:25.485        evsub.c  .Event pkg "refer" registered by mod-refer
13:50:25.485 sip_endpoint.c  .Module "mod-pjsua-pres" registered
13:50:25.485 sip_endpoint.c  .Module "mod-pjsua-im" registered
13:50:25.485 sip_endpoint.c  .Module "mod-pjsua-options" registered
13:50:25.485   pjsua_core.c  .1 SIP worker threads created
13:50:25.485   pjsua_core.c  .pjsua version 2.0.0-beta-svn for win32-6.1/i386/msvc-15.0 initialized
13:50:25.485   pjsua_core.c  .PJSUA state changed: CREATED --> INIT
13:50:25.490   pjsua_core.c  SIP UDP socket reachable at 172.16.0.232:5080
13:50:25.490    udp06022E20  SIP UDP transport started, published address is 172.16.0.232:5080
13:50:25.490    pjsua_acc.c  Adding account: id=<sip:rvoip-1@rambler.ru>
13:50:25.490    pjsua_acc.c  .Account <sip:rvoip-1@rambler.ru> added with id 0
13:50:25.490    pjsua_acc.c  .Acc 0: setting registration..
13:50:25.490       endpoint  ..Request msg REGISTER/cseq=40004 (tdta06026218) created.
13:50:25.490    tsx060272AC  ...Transaction created for Request msg REGISTER/cseq=40005 (tdta06026218)
13:50:25.491    tsx060272AC  ..Sending Request msg REGISTER/cseq=40005 (tdta06026218) in state Null
13:50:25.491  sip_resolve.c  ...DNS resolver not available, target 'vsip.rambler.ru:0' type=Unspecified will be resolved with getaddrinfo()
13:50:25.492  sip_resolve.c  ...Target 'vsip.rambler.ru:0' type=Unspecified resolved to '81.19.70.76:5060' type=UDP (UDP transport)
13:50:25.492   pjsua_core.c  ...TX 486 bytes Request msg REGISTER/cseq=40005 (tdta06026218) to UDP 81.19.70.76:5060:
REGISTER sip:vsip.rambler.ru SIP/2.0
v: SIP/2.0/UDP 172.16.0.232:5080;rport;branch=z9hG4bKPjc09afe0795ea45fdacdce545cb7f8e92
Route: <sip:vsip.rambler.ru;lr>
Max-Forwards: 70
f: <sip:rvoip-1@rambler.ru>;tag=851b47fc6d1a4ff18c26a5965afdbf30
t: <sip:rvoip-1@rambler.ru>
i: a11179983c984138b1e5cedb799f297b
CSeq: 40005 REGISTER
m: <sip:rvoip-1@172.16.0.232:5080;ob>
Expires: 300
Allow: PRACK, INVITE, ACK, BYE, CANCEL, UPDATE, SUBSCRIBE, NOTIFY, REFER, MESSAGE, OPTIONS
l:  0


--end msg--
13:50:25.492    tsx060272AC  ...State changed from Null to Calling, event=TX_MSG
13:50:25.492    pjsua_acc.c  ..Acc 0: Registration sent
13:50:25.492     vidgui.cpp  Starting stack..
13:50:25.492   pjsua_core.c  PJSUA state changed: INIT --> STARTING
13:50:25.492  pjsua_media.c  ..NAT type detection failed: Invalid STUN server or server not configured (PJNATH_ESTUNINSERVER)
13:50:25.492 sip_endpoint.c  .Module "mod-unsolicited-mwi" registered
13:50:25.492   pjsua_core.c  .PJSUA state changed: STARTING --> RUNNING
13:50:25.492     vidgui.cpp  Ready
13:50:25.492 sip_endpoint.c  Module "mod-default-handler" registered
13:50:25.495 sip_endpoint.c !Processing incoming message: Response msg 401/REGISTER/cseq=40005 (rdata060242BC)
13:50:25.495   pjsua_core.c  .RX 458 bytes Response msg 401/REGISTER/cseq=40005 (rdata060242BC) from UDP 81.19.70.76:5060:
SIP/2.0 401 Unauthorized
v: SIP/2.0/UDP 172.16.0.232:5080;rport=5080;branch=z9hG4bKPjc09afe0795ea45fdacdce545cb7f8e92
f: <sip:rvoip-1@rambler.ru>;tag=851b47fc6d1a4ff18c26a5965afdbf30
t: <sip:rvoip-1@rambler.ru>;tag=55f576c530866cae25bd5851ec979fff.8074
i: a11179983c984138b1e5cedb799f297b
CSeq: 40005 REGISTER
WWW-Authenticate: Digest realm="rambler.ru", nonce="4f7581ff00000dcffa92cab4f69c54f775596bf1f217bc3c"
Server: OpenSIPS
Content-Length: 0


--end msg--
13:50:25.495    tsx060272AC  .Incoming Response msg 401/REGISTER/cseq=40005 (rdata060242BC) in state Calling
13:50:25.495    tsx060272AC  ..State changed from Calling to Completed, event=RX_MSG
13:50:25.495    tsx0602A564  ....Transaction created for Request msg REGISTER/cseq=40006 (tdta06026218)
13:50:25.495    tsx0602A564  ...Sending Request msg REGISTER/cseq=40006 (tdta06026218) in state Null
13:50:25.495       endpoint  ....Request msg REGISTER/cseq=40006 (tdta06026218): skipping target resolution because address is already set
13:50:25.495   pjsua_core.c  ....TX 678 bytes Request msg REGISTER/cseq=40006 (tdta06026218) to UDP 81.19.70.76:5060:
REGISTER sip:vsip.rambler.ru SIP/2.0
v: SIP/2.0/UDP 172.16.0.232:5080;rport;branch=z9hG4bKPje2097e3e2e9242ada6ade76d32ba3cc1
Route: <sip:vsip.rambler.ru;lr>
Max-Forwards: 70
f: <sip:rvoip-1@rambler.ru>;tag=851b47fc6d1a4ff18c26a5965afdbf30
t: <sip:rvoip-1@rambler.ru>
i: a11179983c984138b1e5cedb799f297b
CSeq: 40006 REGISTER
m: <sip:rvoip-1@172.16.0.232:5080;ob>
Expires: 300
Allow: PRACK, INVITE, ACK, BYE, CANCEL, UPDATE, SUBSCRIBE, NOTIFY, REFER, MESSAGE, OPTIONS
Authorization: Digest username="rvoip-1", realm="rambler.ru", nonce="4f7581ff00000dcffa92cab4f69c54f775596bf1f217bc3c", uri="sip:vsip.rambler.ru", response="9e9400d24f4dae4d06b4cb5d530680ea"
l:  0


--end msg--
13:50:25.495    tsx0602A564  ....State changed from Null to Calling, event=TX_MSG
13:50:25.737 sip_endpoint.c  Processing incoming message: Response msg 200/REGISTER/cseq=40006 (rdata060242BC)
13:50:25.737   pjsua_core.c  .RX 435 bytes Response msg 200/REGISTER/cseq=40006 (rdata060242BC) from UDP 81.19.70.76:5060:
SIP/2.0 200 OK
v: SIP/2.0/UDP 172.16.0.232:5080;rport=5080;branch=z9hG4bKPje2097e3e2e9242ada6ade76d32ba3cc1
f: <sip:rvoip-1@rambler.ru>;tag=851b47fc6d1a4ff18c26a5965afdbf30
t: <sip:rvoip-1@rambler.ru>;tag=55f576c530866cae25bd5851ec979fff.e0a7
i: a11179983c984138b1e5cedb799f297b
CSeq: 40006 REGISTER
Contact: <sip:rvoip-1@172.16.0.232:5080;ob>;expires=300;received="sip:172.16.0.232:5080"
Server: OpenSIPS
Content-Length: 0


--end msg--
13:50:25.737    tsx0602A564  .Incoming Response msg 200/REGISTER/cseq=40006 (rdata060242BC) in state Calling
13:50:25.737    tsx0602A564  ..State changed from Calling to Completed, event=RX_MSG
13:50:25.737    pjsua_acc.c  ....SIP outbound status for acc 0 is not active
13:50:25.737    pjsua_acc.c  ....<sip:rvoip-1@rambler.ru>: registration success, status=200 (OK), will re-register in 300 seconds
13:50:25.737    pjsua_acc.c  ....Keep-alive timer started for acc 0, destination:81.19.70.76:5060, interval:15s
13:50:25.737     vidgui.cpp  ....<sip:rvoip-1@rambler.ru>: 200/OK (expires=295)

13:50:30.495    tsx060272AC  Timeout timer event
13:50:30.495    tsx060272AC  .State changed from Completed to Terminated, event=TIMER
13:50:30.495    tsx060272AC  Timeout timer event
13:50:30.495    tsx060272AC  .State changed from Terminated to Destroyed, event=TIMER
13:50:30.495    tsx060272AC  ..Transaction destroyed!
13:50:30.738    tsx0602A564  Timeout timer event
13:50:30.738    tsx0602A564  .State changed from Completed to Terminated, event=TIMER
13:50:30.738    tsx0602A564  Timeout timer event
13:50:30.738    tsx0602A564  .State changed from Terminated to Destroyed, event=TIMER
13:50:30.738   tdta06026218  ..Destroying txdata Request msg REGISTER/cseq=40006 (tdta06026218)
13:50:30.738    tsx0602A564  ..Transaction destroyed!
13:50:33.169 sip_endpoint.c  Processing incoming message: Request msg INVITE/cseq=27561 (rdata060242BC)
13:50:33.169   pjsua_core.c  .RX 1651 bytes Request msg INVITE/cseq=27561 (rdata060242BC) from UDP 81.19.70.76:5060:
INVITE sip:rvoip-1@172.16.0.232:5080;ob SIP/2.0
Record-Route: <sip:81.19.70.76;lr=on;ftag=rls6Lr.2nbfCWfiRW8K5w9838W3wr9eB;did=c85.7fe18414;vsf=AAAAAAAAAAAAAAAAAAAAAAAAAAAAAA-->
Via: SIP/2.0/UDP 81.19.70.76;branch=z9hG4bK68b.59b922b5.0
v: SIP/2.0/UDP 81.19.90.170:5080;received=81.19.90.170;rport=5080;branch=z9hG4bKPjfgLWefARcV7dSoBj24WlF3uKPj6Y5C6S
Max-Forwards: 69
f: <sip:rvoip-2@rambler.ru>;tag=rls6Lr.2nbfCWfiRW8K5w9838W3wr9eB
t: sip:rvoip-1@rambler.ru
m: <sip:rvoip-2@81.19.90.170:5080;ob>
i: gtyTR19fwH7.2oMNYJSlLtu2JoyA0lSW
CSeq: 27561 INVITE
Allow: PRACK, INVITE, ACK, BYE, CANCEL, UPDATE, SUBSCRIBE, NOTIFY, REFER, MESSAGE, OPTIONS
k: replaces, 100rel, timer, norefersub
x: 1800
Min-SE: 90
Proxy-Authorization: Digest username="rvoip-2", realm="rambler.ru", nonce="4f75820600000dd01e94ace6301946609f783c91b0275b3b", uri="sip:rvoip-1@rambler.ru", response="83bd2e9c0835b305dec830792f9df6d2"
c: application/sdp
Content-Length: 692

v=0
o=- 3542089832 3542089832 IN IP4 81.19.70.74
s=pjmedia
c=IN IP4 81.19.90.170
b=AS:621
t=0 0
a=X-nat:0
m=audio 35070 RTP/AVP 98 97 99 0 8 96
c=IN IP4 81.19.70.74
b=TIAS:64000
a=rtcp:35071 IN IP4 81.19.70.74
a=sendrecv
a=rtpmap:98 speex/16000
a=rtpmap:97 speex/8000
a=rtpmap:99 speex/32000
a=rtpmap:0 PCMU/8000
a=rtpmap:8 PCMA/8000
a=rtpmap:96 telephone-event/8000
a=fmtp:96 0-15
m=video 51568 RTP/AVP 97 97
c=IN IP4 81.19.70.74
b=TIAS:512000
a=rtcp:51569 IN IP4 81.19.70.74
a=sendrecv
a=rtpmap:97 H264/90000
a=fmtp:97 profile-level-id=42e01e; packetization-mode=1
a=rtpmap:97 H264/90000
a=fmtp:97 profile-level-id=42e01e; packetization-mode=1
a=sdpmangled:yes

--end msg--
13:50:33.169   pjsua_call.c  .Incoming Request msg INVITE/cseq=27561 (rdata060242BC)
13:50:33.169    tsx0606699C  ...Transaction created for Request msg INVITE/cseq=27561 (rdata060242BC)
13:50:33.169    tsx0606699C  ..Incoming Request msg INVITE/cseq=27561 (rdata060242BC) in state Null
13:50:33.169    tsx0606699C  ...State changed from Null to Trying, event=RX_MSG
13:50:33.169    dlg0602A564  ....Transaction tsx0606699C state changed to Trying
13:50:33.169    dlg0602A564  ..UAS dialog created
13:50:33.169    dlg0602A564  ..Module mod-invite added as dialog usage, data=06023BE4
13:50:33.169    dlg0602A564  ...Session count inc to 2 by mod-invite
13:50:33.169    inv0602A564  ..UAS invite session created for dialog dlg0602A564
13:50:33.169  pjsua_media.c  ..Call 0: initializing media..
13:50:33.175  pjsua_media.c  ...RTP socket reachable at 172.16.0.232:40000
13:50:33.175  pjsua_media.c  ...RTCP socket reachable at 172.16.0.232:40001
13:50:33.180  pjsua_media.c  ...RTP socket reachable at 172.16.0.232:40002
13:50:33.180  pjsua_media.c  ...RTCP socket reachable at 172.16.0.232:40003
13:50:33.180  pjsua_media.c  ...Media index 0 selected for audio call 0
13:50:33.237   pjsua_call.c  ..Call 0: remote NAT type is 0 (Unknown)
13:50:33.237       endpoint  ...Response msg 100/INVITE/cseq=27561 (tdta06038D90) created
13:50:33.237    dlg0602A564  ...Initial answer Response msg 100/INVITE/cseq=27561 (tdta06038D90)
13:50:33.238    inv0602A564  ...Sending Response msg 100/INVITE/cseq=27561 (tdta06038D90)
13:50:33.238    dlg0602A564  ....Sending Response msg 100/INVITE/cseq=27561 (tdta06038D90)
13:50:33.238    tsx0606699C  ....Sending Response msg 100/INVITE/cseq=27561 (tdta06038D90) in state Trying
13:50:33.238  sip_resolve.c  .....Target '81.19.70.76:5060' type=UDP resolved to '81.19.70.76:5060' type=UDP (UDP transport)
13:50:33.238   pjsua_core.c  .....TX 503 bytes Response msg 100/INVITE/cseq=27561 (tdta06038D90) to UDP 81.19.70.76:5060:
SIP/2.0 100 Trying
v: SIP/2.0/UDP 81.19.70.76;received=81.19.70.76;branch=z9hG4bK68b.59b922b5.0
v: SIP/2.0/UDP 81.19.90.170:5080;rport=5080;received=81.19.90.170;branch=z9hG4bKPjfgLWefARcV7dSoBj24WlF3uKPj6Y5C6S
Record-Route: <sip:81.19.70.76;lr;ftag=rls6Lr.2nbfCWfiRW8K5w9838W3wr9eB;did=c85.7fe18414;vsf=AAAAAAAAAAAAAAAAAAAAAAAAAAAAAA-->
i: gtyTR19fwH7.2oMNYJSlLtu2JoyA0lSW
f: <sip:rvoip-2@rambler.ru>;tag=rls6Lr.2nbfCWfiRW8K5w9838W3wr9eB
t: <sip:rvoip-1@rambler.ru>
CSeq: 27561 INVITE
l:  0


--end msg--
13:50:33.238    tsx0606699C  .....State changed from Trying to Proceeding, event=TX_MSG
13:50:33.238    dlg0602A564  ......Transaction tsx0606699C state changed to Proceeding
13:50:33.238     vidgui.cpp  ........Call is INCOMING
13:50:33.238     vidgui.cpp  ..Incoming call from <sip:rvoip-2@rambler.ru>
13:50:35.857   pjsua_call.c !Answering call 0: code=200
13:50:35.857    inv0602A564  ..SDP negotiation done, status=0
13:50:35.857   pjsua_call.c  ...Call 0: remote NAT type is 0 (Unknown)
13:50:35.857  pjsua_media.c  ...Call 0: updating media..
13:50:35.857  pjsua_media.c  .....Media session call00:0 is destroyed
13:50:35.857  pjsua_media.c  .....Media session call00:1 is destroyed
13:50:35.857  pjsua_media.c  ....Audio channel update..
13:50:35.858   strm06074E34  .....VAD temporarily disabled
13:50:35.858          rtp.c  .....pjmedia_rtp_session_init: ses=0607DB50, default_pt=98, ssrc=0x294823
13:50:35.858          rtp.c  .....pjmedia_rtp_session_init: ses=06087F1C, default_pt=98, ssrc=0x294823
13:50:35.858       stream.c  .....Stream strm06074E34 created
13:50:35.858   strm06074E34  .....Encoder stream started
13:50:35.858   strm06074E34  .....Decoder stream started
13:50:35.858  pjsua_media.c  .....Audio updated, stream #0: speex (sendrecv)
13:50:35.858    pjsua_vid.c  ....Video channel update..
13:50:35.944          rtp.c  .....pjmedia_rtp_session_init: ses=06089B34, default_pt=97, ssrc=0x18be6784
13:50:35.944 vstdec06089634  .....Decoding channel created 352x288 I420<-H264 24/1(~24)fps
13:50:35.944          rtp.c  .....pjmedia_rtp_session_init: ses=06089BE8, default_pt=97, ssrc=0x18be6784
13:50:35.944 vstenc06089634  .....Encoding channel created 352x288 I420->H264 16/1(~16)fps
13:50:35.945   vid_stream.c  .....Video stream vstrm06089634 created
13:50:35.945 vstenc06089634  .....Encoder stream started
13:50:35.945 vstdec06089634  .....Decoder stream started
13:50:35.945    pjsua_vid.c  .....Setting up RX..
13:50:35.945    pjsua_vid.c  ......Creating video window: type=stream, cap_id=-1, rend_id=2
13:50:35.945     vid_port.c  .......Opening device SDL renderer [SDL] for render: format=I420, size=352x288 @24:1 fps
13:50:36.085     vid_port.c  .......Device SDL renderer [SDL] opened: format=I420, size=352x288 @24:1 fps
13:50:36.085    pjsua_vid.c  .......stream window id 0 created for cap_dev=-1 rend_dev=2
13:50:36.085    pjsua_vid.c  .......Window 0 created
13:50:36.085      sdl_dev.c  ......Starting sdl video stream
13:50:36.085    pjsua_vid.c  .....Setting up TX..
13:50:36.085    pjsua_vid.c  ......Creating video window: type=preview, cap_id=0, rend_id=2
13:50:36.085     vid_port.c  .......Opening device Sony Visual Communication Camera [dshow] for capture: format=YUY2, size=352x288 @16:1 fps
13:50:36.093    dshow_dev.c  .......Error creating filter graph: Указан неправильный тип носителя. (hr=0x80040200)
13:50:36.095    dshow_dev.c  .......Trying to open dshow dev with default fps
13:50:36.101    dshow_dev.c  .......Error creating filter graph: Указан неправильный тип носителя. (hr=0x80040200)
13:50:36.103    dshow_dev.c  .......Trying to open dshow dev with default size & fps
13:50:36.115     vid_port.c  .......Device Sony Visual Communication Camera [dshow] opened: format=YUY2, size=640x480 @10000000:333333 fps
13:50:36.117     vid_port.c  .......Opening device SDL renderer [SDL] for render: format=I420, size=352x288 @16:1 fps
13:50:36.137     vid_port.c  .......Device SDL renderer [SDL] opened: format=I420, size=352x288 @16:1 fps
13:50:36.137    pjsua_vid.c  .......preview window id 1 created for cap_dev=0 rend_dev=2
13:50:36.137    pjsua_vid.c  .......Window 1 created
13:50:36.144    dshow_dev.c  ......Starting dshow video stream
13:50:36.145    pjsua_vid.c  .....Video updated, stream #1: H264 (sendrecv)
13:50:36.145  pjsua_media.c  ...Conf connect: 1 --> 0
13:50:36.145  pjsua_media.c  ....Set sound device: capture=-1, playback=-2
13:50:36.145  pjsua_media.c  .....Opening sound device PCM@16000/1/20ms
13:50:36.214       pa_dev.c  ......Opened device Переназначение звуковых устр. - Input(MME)/Переназначение звуковых устр. - Output(MME) for recording and playback, sample rate=16000, ch=1, bits=16, 320 samples per frame, input latency=100 ms, output latency=160 ms
13:50:36.214     ec06043D08  ......Creating AEC
13:50:36.214     ec06043D08  ......Using delay buffer with WSOLA.
13:50:36.214     ec06043D08  ......AEC created, clock_rate=16000, channel=1, samples per frame=320, tail length=200 ms, latency=115 ms
13:50:36.214       pa_dev.c  ......Starting Переназначение звуковых устр. - Input stream..
13:50:36.215       pa_dev.c  ......Done, status=0
13:50:36.215   conference.c  ....Port 1 (sip:rvoip-2@rambler.ru) transmitting to port 0 (Переназначение звуковых устр. - Input)
13:50:36.215  pjsua_media.c  ...Conf connect: 0 --> 1
13:50:36.215   conference.c  ....Port 0 (Переназначение звуковых устр. - Input) transmitting to port 1 (sip:rvoip-2@rambler.ru)
13:50:36.225     vidwin.cpp  ...001007F2 size = 353x289
13:50:36.232       pa_dev.c !Recorder thread started
13:50:36.232     ec06043D08  Prefetching..
13:50:36.252     ec06043D08  Prefetching..
13:50:36.272     ec06043D08  Prefetching..
13:50:36.274       pa_dev.c !Player thread started
13:50:36.274   strm06074E34  Jitter buffer is bufferring (prefetch=0), plc invoked
13:50:36.275   strm06074E34  Start talksprut..
13:50:36.292     ec06043D08 !Prefetching..
13:50:36.313     ec06043D08  Prefetching..
13:50:36.333     ec06043D08  Prefetching..
13:50:36.353     ec06043D08  Prefetching..
13:50:36.358     ec06043D08 !Latency bufferring complete
13:50:36.395     ec06043D08 !Underflow, buf_cnt=0, will generate 1 frame
13:50:36.492     vidwin.cpp !...001007F2 new parent handle = 00020CF8
13:50:36.492    inv0602A564  ..Sending Response msg 200/INVITE/cseq=27561 (tdta06038D90)
13:50:36.492    dlg0602A564  ...Sending Response msg 200/INVITE/cseq=27561 (tdta06038D90)
13:50:36.492    tsx0606699C  ...Sending Response msg 200/INVITE/cseq=27561 (tdta06038D90) in state Proceeding
13:50:36.492   pjsua_core.c  ....TX 1245 bytes Response msg 200/INVITE/cseq=27561 (tdta06038D90) to UDP 81.19.70.76:5060:
SIP/2.0 200 OK
v: SIP/2.0/UDP 81.19.70.76;received=81.19.70.76;branch=z9hG4bK68b.59b922b5.0
v: SIP/2.0/UDP 81.19.90.170:5080;rport=5080;received=81.19.90.170;branch=z9hG4bKPjfgLWefARcV7dSoBj24WlF3uKPj6Y5C6S
Record-Route: <sip:81.19.70.76;lr;ftag=rls6Lr.2nbfCWfiRW8K5w9838W3wr9eB;did=c85.7fe18414;vsf=AAAAAAAAAAAAAAAAAAAAAAAAAAAAAA-->
i: gtyTR19fwH7.2oMNYJSlLtu2JoyA0lSW
f: <sip:rvoip-2@rambler.ru>;tag=rls6Lr.2nbfCWfiRW8K5w9838W3wr9eB
t: <sip:rvoip-1@rambler.ru>;tag=9c694bd23c9d48cf9068cd296bbb29fd
CSeq: 27561 INVITE
m: <sip:rvoip-1@172.16.0.232:5080;ob>
Allow: PRACK, INVITE, ACK, BYE, CANCEL, UPDATE, SUBSCRIBE, NOTIFY, REFER, MESSAGE, OPTIONS
k: replaces, 100rel, timer, norefersub
x: 1800;refresher=uac
c: application/sdp
l:   492

v=0
o=- 3542104233 3542104234 IN IP4 172.16.0.232
s=pjmedia
c=IN IP4 172.16.0.232
b=AS:621
t=0 0
a=X-nat:0
m=audio 40000 RTP/AVP 98 96
c=IN IP4 172.16.0.232
b=TIAS:64000
a=rtcp:40001 IN IP4 172.16.0.232
a=sendrecv
a=rtpmap:98 speex/16000
a=rtpmap:96 telephone-event/8000
a=fmtp:96 0-15
m=video 40002 RTP/AVP 97
c=IN IP4 172.16.0.232
b=TIAS:512000
a=rtcp:40003 IN IP4 172.16.0.232
a=sendrecv
a=rtpmap:97 H264/90000
a=fmtp:97 profile-level-id=42e01e; packetization-mode=1

--end msg--
13:50:36.492    tsx0606699C  ....State changed from Proceeding to Completed, event=TX_MSG
13:50:36.492    dlg0602A564  .....Transaction tsx0606699C state changed to Completed
13:50:36.492     vidgui.cpp  .......Call is CONNECTING
13:50:36.519   strm06074E34 !RTP status: badpt=0, badssrc=0, dup=0, outorder=0, probation=-1, restart=0
13:50:36.519   strm06074E34 !Jitter buffer starts returning normal frames (after 13 empty/lost)
13:50:36.536 sip_endpoint.c !Processing incoming message: Request msg ACK/cseq=27561 (rdata060242BC)
13:50:36.536   pjsua_core.c  .RX 453 bytes Request msg ACK/cseq=27561 (rdata060242BC) from UDP 81.19.70.76:5060:
ACK sip:rvoip-1@172.16.0.232:5080;ob SIP/2.0
Via: SIP/2.0/UDP 81.19.70.76;branch=z9hG4bK68b.59b922b5.2
v: SIP/2.0/UDP 81.19.90.170:5080;received=81.19.90.170;rport=5080;branch=z9hG4bKPjDCMn0WIUrHosfMUD0zVTeTGTRQ7Z9lTz
Max-Forwards: 69
f: <sip:rvoip-2@rambler.ru>;tag=rls6Lr.2nbfCWfiRW8K5w9838W3wr9eB
t: sip:rvoip-1@rambler.ru;tag=9c694bd23c9d48cf9068cd296bbb29fd
i: gtyTR19fwH7.2oMNYJSlLtu2JoyA0lSW
CSeq: 27561 ACK
l:  0
P-hint: rr-enforced


--end msg--
13:50:36.536    dlg0602A564  .Received Request msg ACK/cseq=27561 (rdata060242BC)
13:50:36.536    tsx0606699C  ..Request to terminate transaction
13:50:36.536    tsx0606699C  ...State changed from Completed to Terminated, event=USER
13:50:36.537    dlg0602A564  ....Transaction tsx0606699C state changed to Terminated
13:50:36.537     vidgui.cpp  ...Call is CONFIRMED
13:50:36.537    tsx0606699C  Timeout timer event
13:50:36.537    tsx0606699C  .State changed from Terminated to Destroyed, event=TIMER
13:50:36.537   tdta06038D90  ..Destroying txdata Response msg 200/INVITE/cseq=27561 (tdta06038D90)
13:50:36.537    tsx0606699C  ..Transaction destroyed!
13:50:36.560   strm06074E34 !Jitter buffer empty (prefetch=0), plc invoked
13:50:36.599   strm06074E34  Jitter buffer starts returning normal frames (after 1 empty/lost)
13:50:36.642     vidwin.cpp !001007F2 new size = 353x289
13:50:36.748     vidwin.cpp  001007F2 new size = 518x405
13:50:36.875   strm06074E34 !Jitter buffer empty (prefetch=0), plc invoked
13:50:36.875   strm06074E34  VAD re-enabled
13:50:36.914   strm06074E34  Jitter buffer starts returning normal frames (after 1 empty/lost)
13:50:37.572    dshow_dev.c !Capture thread started
13:50:37.596   strm06074E34 !Jitter buffer empty (prefetch=0), plc invoked
13:50:37.603 vstdec06089634 !RTP status: badpt=0, badssrc=0, dup=0, outorder=0, probation=-1, restart=0
13:50:37.635   strm06074E34 !Jitter buffer starts returning normal frames (after 1 empty/lost)
13:50:37.651 vstdec06089634 !codec decode() error: Bad or corrupted bitstream (PJMEDIA_CODEC_EBADBITSTREAM) [err:220087]
13:50:37.665  pjsua_media.c !Sending video keyframe request via SIP INFO
13:50:37.665   pjsua_call.c  Call 0 sending INFO request..
13:50:37.665       endpoint  .Request msg INFO/cseq=11539 (tdta0603ACD8) created.
13:50:37.665    dlg0602A564  ..Sending Request msg INFO/cseq=11539 (tdta0603ACD8)
13:50:37.665    tsx0606699C  ...Transaction created for Request msg INFO/cseq=11538 (tdta0603ACD8)
13:50:37.665    tsx0606699C  ..Sending Request msg INFO/cseq=11538 (tdta0603ACD8) in state Null
13:50:37.665  sip_resolve.c  ...Target '81.19.70.76:0' type=Unspecified resolved to '81.19.70.76:5060' type=UDP (UDP transport)
13:50:37.665   pjsua_core.c  ...TX 654 bytes Request msg INFO/cseq=11538 (tdta0603ACD8) to UDP 81.19.70.76:5060:
INFO sip:rvoip-2@81.19.90.170:5080;ob SIP/2.0
v: SIP/2.0/UDP 172.16.0.232:5080;rport;branch=z9hG4bKPj57e04db27c7e4e9ea209c8d6f93729cd
Max-Forwards: 70
f: <sip:rvoip-1@rambler.ru>;tag=9c694bd23c9d48cf9068cd296bbb29fd
t: <sip:rvoip-2@rambler.ru>;tag=rls6Lr.2nbfCWfiRW8K5w9838W3wr9eB
i: gtyTR19fwH7.2oMNYJSlLtu2JoyA0lSW
CSeq: 11538 INFO
Route: <sip:81.19.70.76;lr;ftag=rls6Lr.2nbfCWfiRW8K5w9838W3wr9eB;did=c85.7fe18414;vsf=AAAAAAAAAAAAAAAAAAAAAAAAAAAAAA-->
c: application/media_control+xml
l:   146

<?xml version="1.0" encoding="utf-8" ?><media_control><vc_primitive><to_encoder><picture_fast_update/></to_encoder></vc_primitive></media_control>
--end msg--
13:50:37.665    tsx0606699C  ...State changed from Null to Calling, event=TX_MSG
13:50:37.665    dlg0602A564  ....Transaction tsx0606699C state changed to Calling
13:50:37.672 sip_endpoint.c !Processing incoming message: Response msg 200/INFO/cseq=11538 (rdata060242BC)
13:50:37.672   pjsua_core.c  .RX 328 bytes Response msg 200/INFO/cseq=11538 (rdata060242BC) from UDP 81.19.70.76:5060:
SIP/2.0 200 OK
v: SIP/2.0/UDP 172.16.0.232:5080;rport=5080;received=172.16.0.232;branch=z9hG4bKPj57e04db27c7e4e9ea209c8d6f93729cd
i: gtyTR19fwH7.2oMNYJSlLtu2JoyA0lSW
f: <sip:rvoip-1@rambler.ru>;tag=9c694bd23c9d48cf9068cd296bbb29fd
t: <sip:rvoip-2@rambler.ru>;tag=rls6Lr.2nbfCWfiRW8K5w9838W3wr9eB
CSeq: 11538 INFO
l:  0


--end msg--
13:50:37.672    tsx0606699C  .Incoming Response msg 200/INFO/cseq=11538 (rdata060242BC) in state Calling
13:50:37.672    tsx0606699C  ..State changed from Calling to Completed, event=RX_MSG
13:50:37.672    dlg0602A564  ...Received Response msg 200/INFO/cseq=11538 (rdata060242BC)
13:50:37.672    dlg0602A564  ...Transaction tsx0606699C state changed to Completed
13:50:37.920   strm06074E34 !Starting silence
13:50:37.921   strm06074E34  Start talksprut..
13:50:37.960   strm06074E34  Jitter buffer empty (prefetch=0), plc invoked
13:50:38.001   strm06074E34  Jitter buffer starts returning normal frames (after 2 empty/lost)
13:50:38.001   strm06074E34  Starting silence
13:50:38.042   strm06074E34  Start talksprut..
13:50:38.439   strm06074E34  Jitter buffer empty (prefetch=0), plc invoked
13:50:38.478   strm06074E34  Jitter buffer starts returning normal frames (after 1 empty/lost)
13:50:38.762   strm06074E34  Jitter buffer empty (prefetch=0), plc invoked
13:50:38.793   strm06074E34  Jitter buffer starts returning normal frames (after 2 empty/lost)
13:50:38.795   strm06074E34  Jitter buffer empty (prefetch=0), plc invoked
13:50:38.996   strm06074E34  Jitter buffer starts returning normal frames (after 9 empty/lost)
13:50:39.160   strm06074E34  Jitter buffer empty (prefetch=0), plc invoked
13:50:39.199   strm06074E34  Jitter buffer starts returning normal frames (after 1 empty/lost)
13:50:39.882   strm06074E34  Jitter buffer empty (prefetch=0), plc invoked
13:50:39.920   strm06074E34  Jitter buffer starts returning normal frames (after 1 empty/lost)
13:50:40.665  pjsua_media.c !Sending video keyframe request via SIP INFO
13:50:40.665   pjsua_call.c  Call 0 sending INFO request..
13:50:40.665       endpoint  .Request msg INFO/cseq=11540 (tdta06073B08) created.
13:50:40.665    dlg0602A564  ..Sending Request msg INFO/cseq=11540 (tdta06073B08)
13:50:40.665    tsx06039DF4  ...Transaction created for Request msg INFO/cseq=11539 (tdta06073B08)
13:50:40.665    tsx06039DF4  ..Sending Request msg INFO/cseq=11539 (tdta06073B08) in state Null
13:50:40.665  sip_resolve.c  ...Target '81.19.70.76:0' type=Unspecified resolved to '81.19.70.76:5060' type=UDP (UDP transport)
13:50:40.665   pjsua_core.c  ...TX 654 bytes Request msg INFO/cseq=11539 (tdta06073B08) to UDP 81.19.70.76:5060:
INFO sip:rvoip-2@81.19.90.170:5080;ob SIP/2.0
v: SIP/2.0/UDP 172.16.0.232:5080;rport;branch=z9hG4bKPj66a1e06be64c4cf3ae27404c33c2f092
Max-Forwards: 70
f: <sip:rvoip-1@rambler.ru>;tag=9c694bd23c9d48cf9068cd296bbb29fd
t: <sip:rvoip-2@rambler.ru>;tag=rls6Lr.2nbfCWfiRW8K5w9838W3wr9eB
i: gtyTR19fwH7.2oMNYJSlLtu2JoyA0lSW
CSeq: 11539 INFO
Route: <sip:81.19.70.76;lr;ftag=rls6Lr.2nbfCWfiRW8K5w9838W3wr9eB;did=c85.7fe18414;vsf=AAAAAAAAAAAAAAAAAAAAAAAAAAAAAA-->
c: application/media_control+xml
l:   146

<?xml version="1.0" encoding="utf-8" ?><media_control><vc_primitive><to_encoder><picture_fast_update/></to_encoder></vc_primitive></media_control>
--end msg--
13:50:40.665    tsx06039DF4  ...State changed from Null to Calling, event=TX_MSG
13:50:40.665    dlg0602A564  ....Transaction tsx06039DF4 state changed to Calling
13:50:40.673 sip_endpoint.c !Processing incoming message: Response msg 200/INFO/cseq=11539 (rdata060242BC)
13:50:40.673   pjsua_core.c  .RX 328 bytes Response msg 200/INFO/cseq=11539 (rdata060242BC) from UDP 81.19.70.76:5060:
SIP/2.0 200 OK
v: SIP/2.0/UDP 172.16.0.232:5080;rport=5080;received=172.16.0.232;branch=z9hG4bKPj66a1e06be64c4cf3ae27404c33c2f092
i: gtyTR19fwH7.2oMNYJSlLtu2JoyA0lSW
f: <sip:rvoip-1@rambler.ru>;tag=9c694bd23c9d48cf9068cd296bbb29fd
t: <sip:rvoip-2@rambler.ru>;tag=rls6Lr.2nbfCWfiRW8K5w9838W3wr9eB
CSeq: 11539 INFO
l:  0


--end msg--
13:50:40.673    tsx06039DF4  .Incoming Response msg 200/INFO/cseq=11539 (rdata060242BC) in state Calling
13:50:40.673    tsx06039DF4  ..State changed from Calling to Completed, event=RX_MSG
13:50:40.673    dlg0602A564  ...Received Response msg 200/INFO/cseq=11539 (rdata060242BC)
13:50:40.673    dlg0602A564  ...Transaction tsx06039DF4 state changed to Completed
13:50:40.733    pjsua_acc.c  Sending 2 bytes keep-alive packet for acc 0 to 81.19.70.76:5060
13:50:40.733   tdta06069CA8  Destroying txdata raw
13:50:40.959   strm06074E34 !Jitter buffer empty (prefetch=0), plc invoked
13:50:41.038   strm06074E34  Jitter buffer starts returning normal frames (after 3 empty/lost)
13:50:41.162   strm06074E34  Jitter buffer empty (prefetch=0), plc invoked
13:50:41.201   strm06074E34  Jitter buffer starts returning normal frames (after 1 empty/lost)
13:50:41.241   strm06074E34  Jitter buffer empty (prefetch=0), plc invoked
13:50:41.282   strm06074E34  Jitter buffer starts returning normal frames (after 2 empty/lost)
13:50:41.284   strm06074E34  Jitter buffer empty (prefetch=0), plc invoked
13:50:41.353   strm06074E34  Jitter buffer starts returning normal frames (after 3 empty/lost)
13:50:41.355   strm06074E34  Jitter buffer empty (prefetch=0), plc invoked
13:50:41.475   strm06074E34  Jitter buffer starts returning normal frames (after 5 empty/lost)
13:50:41.477   strm06074E34  Jitter buffer empty (prefetch=0), plc invoked
13:50:41.718   strm06074E34  Jitter buffer starts returning normal frames (after 11 empty/lost)
13:50:42.672    tsx0606699C !Timeout timer event
13:50:42.672    tsx0606699C  .State changed from Completed to Terminated, event=TIMER
13:50:42.672    dlg0602A564  ..Transaction tsx0606699C state changed to Terminated
13:50:42.672    tsx0606699C  Timeout timer event
13:50:42.672    tsx0606699C  .State changed from Terminated to Destroyed, event=TIMER
13:50:42.672   tdta0603ACD8  ..Destroying txdata Request msg INFO/cseq=11538 (tdta0603ACD8)
13:50:42.672    tsx0606699C  ..Transaction destroyed!
13:50:43.665  pjsua_media.c !Sending video keyframe request via SIP INFO
13:50:43.665   pjsua_call.c  Call 0 sending INFO request..
13:50:43.665       endpoint  .Request msg INFO/cseq=11541 (tdta0603A5C0) created.
13:50:43.665    dlg0602A564  ..Sending Request msg INFO/cseq=11541 (tdta0603A5C0)
13:50:43.665    tsx0606699C  ...Transaction created for Request msg INFO/cseq=11540 (tdta0603A5C0)
13:50:43.665    tsx0606699C  ..Sending Request msg INFO/cseq=11540 (tdta0603A5C0) in state Null
13:50:43.665  sip_resolve.c  ...Target '81.19.70.76:0' type=Unspecified resolved to '81.19.70.76:5060' type=UDP (UDP transport)
13:50:43.665   pjsua_core.c  ...TX 654 bytes Request msg INFO/cseq=11540 (tdta0603A5C0) to UDP 81.19.70.76:5060:
INFO sip:rvoip-2@81.19.90.170:5080;ob SIP/2.0
v: SIP/2.0/UDP 172.16.0.232:5080;rport;branch=z9hG4bKPj8cdbab6ded5240d9be0b3d4f3e9babe5
Max-Forwards: 70
f: <sip:rvoip-1@rambler.ru>;tag=9c694bd23c9d48cf9068cd296bbb29fd
t: <sip:rvoip-2@rambler.ru>;tag=rls6Lr.2nbfCWfiRW8K5w9838W3wr9eB
i: gtyTR19fwH7.2oMNYJSlLtu2JoyA0lSW
CSeq: 11540 INFO
Route: <sip:81.19.70.76;lr;ftag=rls6Lr.2nbfCWfiRW8K5w9838W3wr9eB;did=c85.7fe18414;vsf=AAAAAAAAAAAAAAAAAAAAAAAAAAAAAA-->
c: application/media_control+xml
l:   146

<?xml version="1.0" encoding="utf-8" ?><media_control><vc_primitive><to_encoder><picture_fast_update/></to_encoder></vc_primitive></media_control>
--end msg--
13:50:43.665    tsx0606699C  ...State changed from Null to Calling, event=TX_MSG
13:50:43.665    dlg0602A564  ....Transaction tsx0606699C state changed to Calling
13:50:43.673 sip_endpoint.c !Processing incoming message: Response msg 200/INFO/cseq=11540 (rdata060242BC)
13:50:43.673   pjsua_core.c  .RX 328 bytes Response msg 200/INFO/cseq=11540 (rdata060242BC) from UDP 81.19.70.76:5060:
SIP/2.0 200 OK
v: SIP/2.0/UDP 172.16.0.232:5080;rport=5080;received=172.16.0.232;branch=z9hG4bKPj8cdbab6ded5240d9be0b3d4f3e9babe5
i: gtyTR19fwH7.2oMNYJSlLtu2JoyA0lSW
f: <sip:rvoip-1@rambler.ru>;tag=9c694bd23c9d48cf9068cd296bbb29fd
t: <sip:rvoip-2@rambler.ru>;tag=rls6Lr.2nbfCWfiRW8K5w9838W3wr9eB
CSeq: 11540 INFO
l:  0


--end msg--
13:50:43.673    tsx0606699C  .Incoming Response msg 200/INFO/cseq=11540 (rdata060242BC) in state Calling
13:50:43.673    tsx0606699C  ..State changed from Calling to Completed, event=RX_MSG
13:50:43.673    dlg0602A564  ...Received Response msg 200/INFO/cseq=11540 (rdata060242BC)
13:50:43.673    dlg0602A564  ...Transaction tsx0606699C state changed to Completed
13:50:44.280   strm06074E34 !Jitter buffer empty (prefetch=0), plc invoked
13:50:44.319   strm06074E34  Jitter buffer starts returning normal frames (after 1 empty/lost)
13:50:44.636   strm06074E34  Jitter buffer empty (prefetch=0), plc invoked
13:50:44.796   strm06074E34  Jitter buffer starts returning normal frames (after 7 empty/lost)
13:50:44.798   strm06074E34  Jitter buffer empty (prefetch=0), plc invoked
13:50:44.837   strm06074E34  Jitter buffer starts returning normal frames (after 1 empty/lost)
13:50:44.839   strm06074E34  Jitter buffer empty (prefetch=0), plc invoked
13:50:44.878   strm06074E34  Jitter buffer starts returning normal frames (after 1 empty/lost)
13:50:45.398   strm06074E34  Jitter buffer empty (prefetch=0), plc invoked
13:50:45.436   strm06074E34  Jitter buffer starts returning normal frames (after 1 empty/lost)
13:50:45.673    tsx06039DF4 !Timeout timer event
13:50:45.673    tsx06039DF4  .State changed from Completed to Terminated, event=TIMER
13:50:45.673    dlg0602A564  ..Transaction tsx06039DF4 state changed to Terminated
13:50:45.673    tsx06039DF4  Timeout timer event
13:50:45.673    tsx06039DF4  .State changed from Terminated to Destroyed, event=TIMER
13:50:45.673   tdta06073B08  ..Destroying txdata Request msg INFO/cseq=11539 (tdta06073B08)
13:50:45.673    tsx06039DF4  ..Transaction destroyed!
13:50:45.916   strm06074E34 !Jitter buffer empty (prefetch=0), plc invoked
13:50:45.954   strm06074E34  Jitter buffer starts returning normal frames (after 1 empty/lost)
13:50:46.515   strm06074E34  Jitter buffer empty (prefetch=0), plc invoked
13:50:46.554   strm06074E34  Jitter buffer starts returning normal frames (after 1 empty/lost)
13:50:46.665  pjsua_media.c !Sending video keyframe request via SIP INFO
13:50:46.665   pjsua_call.c  Call 0 sending INFO request..
13:50:46.665       endpoint  .Request msg INFO/cseq=11542 (tdta06073B08) created.
13:50:46.665    dlg0602A564  ..Sending Request msg INFO/cseq=11542 (tdta06073B08)
13:50:46.665    tsx06039DF4  ...Transaction created for Request msg INFO/cseq=11541 (tdta06073B08)
13:50:46.665    tsx06039DF4  ..Sending Request msg INFO/cseq=11541 (tdta06073B08) in state Null
13:50:46.665  sip_resolve.c  ...Target '81.19.70.76:0' type=Unspecified resolved to '81.19.70.76:5060' type=UDP (UDP transport)
13:50:46.665   pjsua_core.c  ...TX 654 bytes Request msg INFO/cseq=11541 (tdta06073B08) to UDP 81.19.70.76:5060:
INFO sip:rvoip-2@81.19.90.170:5080;ob SIP/2.0
v: SIP/2.0/UDP 172.16.0.232:5080;rport;branch=z9hG4bKPjdfca08dfb95843e8be9e1e924de977ad
Max-Forwards: 70
f: <sip:rvoip-1@rambler.ru>;tag=9c694bd23c9d48cf9068cd296bbb29fd
t: <sip:rvoip-2@rambler.ru>;tag=rls6Lr.2nbfCWfiRW8K5w9838W3wr9eB
i: gtyTR19fwH7.2oMNYJSlLtu2JoyA0lSW
CSeq: 11541 INFO
Route: <sip:81.19.70.76;lr;ftag=rls6Lr.2nbfCWfiRW8K5w9838W3wr9eB;did=c85.7fe18414;vsf=AAAAAAAAAAAAAAAAAAAAAAAAAAAAAA-->
c: application/media_control+xml
l:   146

<?xml version="1.0" encoding="utf-8" ?><media_control><vc_primitive><to_encoder><picture_fast_update/></to_encoder></vc_primitive></media_control>
--end msg--
13:50:46.665    tsx06039DF4  ...State changed from Null to Calling, event=TX_MSG
13:50:46.665    dlg0602A564  ....Transaction tsx06039DF4 state changed to Calling
13:50:46.672 sip_endpoint.c !Processing incoming message: Response msg 200/INFO/cseq=11541 (rdata060242BC)
13:50:46.672   pjsua_core.c  .RX 328 bytes Response msg 200/INFO/cseq=11541 (rdata060242BC) from UDP 81.19.70.76:5060:
SIP/2.0 200 OK
v: SIP/2.0/UDP 172.16.0.232:5080;rport=5080;received=172.16.0.232;branch=z9hG4bKPjdfca08dfb95843e8be9e1e924de977ad
i: gtyTR19fwH7.2oMNYJSlLtu2JoyA0lSW
f: <sip:rvoip-1@rambler.ru>;tag=9c694bd23c9d48cf9068cd296bbb29fd
t: <sip:rvoip-2@rambler.ru>;tag=rls6Lr.2nbfCWfiRW8K5w9838W3wr9eB
CSeq: 11541 INFO
l:  0


--end msg--
13:50:46.672    tsx06039DF4  .Incoming Response msg 200/INFO/cseq=11541 (rdata060242BC) in state Calling
13:50:46.672    tsx06039DF4  ..State changed from Calling to Completed, event=RX_MSG
13:50:46.672    dlg0602A564  ...Received Response msg 200/INFO/cseq=11541 (rdata060242BC)
13:50:46.672    dlg0602A564  ...Transaction tsx06039DF4 state changed to Completed
13:50:48.039   strm06074E34 !Frame lost, recovered!
13:50:48.077   strm06074E34  Jitter buffer starts returning normal frames (after 1 empty/lost)
13:50:48.364   strm06074E34  Jitter buffer empty (prefetch=0), plc invoked
13:50:48.392   strm06074E34  Jitter buffer starts returning normal frames (after 1 empty/lost)
13:50:48.674    tsx0606699C !Timeout timer event
13:50:48.674    tsx0606699C  .State changed from Completed to Terminated, event=TIMER
13:50:48.674    dlg0602A564  ..Transaction tsx0606699C state changed to Terminated
13:50:48.674    tsx0606699C  Timeout timer event
13:50:48.674    tsx0606699C  .State changed from Terminated to Destroyed, event=TIMER
13:50:48.674   tdta0603A5C0  ..Destroying txdata Request msg INFO/cseq=11540 (tdta0603A5C0)
13:50:48.674    tsx0606699C  ..Transaction destroyed!
13:50:48.759   strm06074E34 !Starting silence
13:50:48.800   strm06074E34  Start talksprut..
13:50:48.841   strm06074E34  Jitter buffer empty (prefetch=0), plc invoked
13:50:49.002   strm06074E34  Jitter buffer starts returning normal frames (after 7 empty/lost)
13:50:49.004   strm06074E34  Jitter buffer empty (prefetch=0), plc invoked
13:50:49.033   strm06074E34  Jitter buffer starts returning normal frames (after 1 empty/lost)
13:50:49.715   strm06074E34  Jitter buffer empty (prefetch=0), plc invoked
13:50:49.747  pjsua_media.c !Sending video keyframe request via SIP INFO
13:50:49.747   pjsua_call.c  Call 0 sending INFO request..
13:50:49.747       endpoint  .Request msg INFO/cseq=11543 (tdta0603A5C0) created.
13:50:49.747    dlg0602A564  ..Sending Request msg INFO/cseq=11543 (tdta0603A5C0)
13:50:49.747    tsx0606699C  ...Transaction created for Request msg INFO/cseq=11542 (tdta0603A5C0)
13:50:49.747    tsx0606699C  ..Sending Request msg INFO/cseq=11542 (tdta0603A5C0) in state Null
13:50:49.747  sip_resolve.c  ...Target '81.19.70.76:0' type=Unspecified resolved to '81.19.70.76:5060' type=UDP (UDP transport)
13:50:49.747   pjsua_core.c  ...TX 654 bytes Request msg INFO/cseq=11542 (tdta0603A5C0) to UDP 81.19.70.76:5060:
INFO sip:rvoip-2@81.19.90.170:5080;ob SIP/2.0
v: SIP/2.0/UDP 172.16.0.232:5080;rport;branch=z9hG4bKPj06471b0b35ab4f2484c19f3e67400f4f
Max-Forwards: 70
f: <sip:rvoip-1@rambler.ru>;tag=9c694bd23c9d48cf9068cd296bbb29fd
t: <sip:rvoip-2@rambler.ru>;tag=rls6Lr.2nbfCWfiRW8K5w9838W3wr9eB
i: gtyTR19fwH7.2oMNYJSlLtu2JoyA0lSW
CSeq: 11542 INFO
Route: <sip:81.19.70.76;lr;ftag=rls6Lr.2nbfCWfiRW8K5w9838W3wr9eB;did=c85.7fe18414;vsf=AAAAAAAAAAAAAAAAAAAAAAAAAAAAAA-->
c: application/media_control+xml
l:   146

<?xml version="1.0" encoding="utf-8" ?><media_control><vc_primitive><to_encoder><picture_fast_update/></to_encoder></vc_primitive></media_control>
--end msg--
13:50:49.747    tsx0606699C  ...State changed from Null to Calling, event=TX_MSG
13:50:49.747    dlg0602A564  ....Transaction tsx0606699C state changed to Calling
13:50:49.754   strm06074E34 !Jitter buffer starts returning normal frames (after 1 empty/lost)
13:50:49.754 sip_endpoint.c !Processing incoming message: Response msg 200/INFO/cseq=11542 (rdata060242BC)
13:50:49.754   pjsua_core.c  .RX 328 bytes Response msg 200/INFO/cseq=11542 (rdata060242BC) from UDP 81.19.70.76:5060:
SIP/2.0 200 OK
v: SIP/2.0/UDP 172.16.0.232:5080;rport=5080;received=172.16.0.232;branch=z9hG4bKPj06471b0b35ab4f2484c19f3e67400f4f
i: gtyTR19fwH7.2oMNYJSlLtu2JoyA0lSW
f: <sip:rvoip-1@rambler.ru>;tag=9c694bd23c9d48cf9068cd296bbb29fd
t: <sip:rvoip-2@rambler.ru>;tag=rls6Lr.2nbfCWfiRW8K5w9838W3wr9eB
CSeq: 11542 INFO
l:  0


--end msg--
13:50:49.754    tsx0606699C  .Incoming Response msg 200/INFO/cseq=11542 (rdata060242BC) in state Calling
13:50:49.754    tsx0606699C  ..State changed from Calling to Completed, event=RX_MSG
13:50:49.754    dlg0602A564  ...Received Response msg 200/INFO/cseq=11542 (rdata060242BC)
13:50:49.754    dlg0602A564  ...Transaction tsx0606699C state changed to Completed
13:50:50.160   strm06074E34 !Jitter buffer empty (prefetch=0), plc invoked
13:50:50.243   strm06074E34  Jitter buffer starts returning normal frames (after 5 empty/lost)
13:50:50.284   strm06074E34  Jitter buffer empty (prefetch=0), plc invoked
13:50:50.312   strm06074E34  Jitter buffer starts returning normal frames (after 1 empty/lost)
13:50:51.673    tsx06039DF4 !Timeout timer event
13:50:51.673    tsx06039DF4  .State changed from Completed to Terminated, event=TIMER
13:50:51.673    dlg0602A564  ..Transaction tsx06039DF4 state changed to Terminated
13:50:51.673    tsx06039DF4  Timeout timer event
13:50:51.673    tsx06039DF4  .State changed from Terminated to Destroyed, event=TIMER
13:50:51.673   tdta06073B08  ..Destroying txdata Request msg INFO/cseq=11541 (tdta06073B08)
13:50:51.673    tsx06039DF4  ..Transaction destroyed!
13:50:51.717   strm06074E34 !Jitter buffer empty (prefetch=0), plc invoked
13:50:51.756   strm06074E34  Jitter buffer starts returning normal frames (after 1 empty/lost)
13:50:51.961   strm06074E34  Jitter buffer empty (prefetch=0), plc invoked
13:50:52.000   strm06074E34  Jitter buffer starts returning normal frames (after 1 empty/lost)
13:50:52.040   strm06074E34  Jitter buffer empty (prefetch=0), plc invoked
13:50:52.081   strm06074E34  Jitter buffer starts returning normal frames (after 2 empty/lost)
13:50:52.083   strm06074E34  Jitter buffer empty (prefetch=0), plc invoked
13:50:52.274   strm06074E34  Starting silence
13:50:52.397   strm06074E34  Start talksprut..
13:50:52.436   strm06074E34  Starting silence
13:50:52.477   strm06074E34  Jitter buffer starts returning normal frames (after 19 empty/lost)
13:50:52.477   strm06074E34  Jitter buffer empty (prefetch=0), plc invoked
13:50:52.478   strm06074E34  Start talksprut..
13:50:52.518   strm06074E34  Starting silence
13:50:52.599   strm06074E34  Jitter buffer starts returning normal frames (after 5 empty/lost)
13:50:52.600   strm06074E34  Start talksprut..
13:50:52.749  pjsua_media.c !Sending video keyframe request via SIP INFO
13:50:52.749   pjsua_call.c  Call 0 sending INFO request..
13:50:52.749       endpoint  .Request msg INFO/cseq=11544 (tdta06073B08) created.
13:50:52.749    dlg0602A564  ..Sending Request msg INFO/cseq=11544 (tdta06073B08)
13:50:52.749    tsx06039DF4  ...Transaction created for Request msg INFO/cseq=11543 (tdta06073B08)
13:50:52.749    tsx06039DF4  ..Sending Request msg INFO/cseq=11543 (tdta06073B08) in state Null
13:50:52.749  sip_resolve.c  ...Target '81.19.70.76:0' type=Unspecified resolved to '81.19.70.76:5060' type=UDP (UDP transport)
13:50:52.749   pjsua_core.c  ...TX 654 bytes Request msg INFO/cseq=11543 (tdta06073B08) to UDP 81.19.70.76:5060:
INFO sip:rvoip-2@81.19.90.170:5080;ob SIP/2.0
v: SIP/2.0/UDP 172.16.0.232:5080;rport;branch=z9hG4bKPj16f386e146374cafb7c41d1517d2cff6
Max-Forwards: 70
f: <sip:rvoip-1@rambler.ru>;tag=9c694bd23c9d48cf9068cd296bbb29fd
t: <sip:rvoip-2@rambler.ru>;tag=rls6Lr.2nbfCWfiRW8K5w9838W3wr9eB
i: gtyTR19fwH7.2oMNYJSlLtu2JoyA0lSW
CSeq: 11543 INFO
Route: <sip:81.19.70.76;lr;ftag=rls6Lr.2nbfCWfiRW8K5w9838W3wr9eB;did=c85.7fe18414;vsf=AAAAAAAAAAAAAAAAAAAAAAAAAAAAAA-->
c: application/media_control+xml
l:   146

<?xml version="1.0" encoding="utf-8" ?><media_control><vc_primitive><to_encoder><picture_fast_update/></to_encoder></vc_primitive></media_control>
--end msg--
13:50:52.749    tsx06039DF4  ...State changed from Null to Calling, event=TX_MSG
13:50:52.749    dlg0602A564  ....Transaction tsx06039DF4 state changed to Calling
13:50:52.756 sip_endpoint.c !Processing incoming message: Response msg 200/INFO/cseq=11543 (rdata060242BC)
13:50:52.756   pjsua_core.c  .RX 328 bytes Response msg 200/INFO/cseq=11543 (rdata060242BC) from UDP 81.19.70.76:5060:
SIP/2.0 200 OK
v: SIP/2.0/UDP 172.16.0.232:5080;rport=5080;received=172.16.0.232;branch=z9hG4bKPj16f386e146374cafb7c41d1517d2cff6
i: gtyTR19fwH7.2oMNYJSlLtu2JoyA0lSW
f: <sip:rvoip-1@rambler.ru>;tag=9c694bd23c9d48cf9068cd296bbb29fd
t: <sip:rvoip-2@rambler.ru>;tag=rls6Lr.2nbfCWfiRW8K5w9838W3wr9eB
CSeq: 11543 INFO
l:  0


--end msg--
13:50:52.756    tsx06039DF4  .Incoming Response msg 200/INFO/cseq=11543 (rdata060242BC) in state Calling
13:50:52.756    tsx06039DF4  ..State changed from Calling to Completed, event=RX_MSG
13:50:52.756    dlg0602A564  ...Received Response msg 200/INFO/cseq=11543 (rdata060242BC)
13:50:52.756    dlg0602A564  ...Transaction tsx06039DF4 state changed to Completed
13:50:53.199   strm06074E34 !Starting silence
13:50:53.200   strm06074E34  Start talksprut..
13:50:53.322   strm06074E34  Jitter buffer empty (prefetch=0), plc invoked
13:50:53.442   strm06074E34  Jitter buffer starts returning normal frames (after 5 empty/lost)
13:50:53.444   strm06074E34  Jitter buffer empty (prefetch=0), plc invoked
13:50:53.594   strm06074E34  Jitter buffer starts returning normal frames (after 7 empty/lost)
13:50:53.596   strm06074E34  Jitter buffer empty (prefetch=0), plc invoked
13:50:53.759   strm06074E34  Jitter buffer starts returning normal frames (after 8 empty/lost)
13:50:53.799   strm06074E34  Jitter buffer empty (prefetch=0), plc invoked
13:50:54.234   strm06074E34  Jitter buffer starts returning normal frames (after 21 empty/lost)
13:50:54.236   strm06074E34  Jitter buffer empty (prefetch=0), plc invoked
13:50:54.397   strm06074E34  Jitter buffer starts returning normal frames (after 7 empty/lost)
13:50:54.756    tsx0606699C !Timeout timer event
13:50:54.756    tsx0606699C  .State changed from Completed to Terminated, event=TIMER
13:50:54.756    dlg0602A564  ..Transaction tsx0606699C state changed to Terminated
13:50:54.756    tsx0606699C  Timeout timer event
13:50:54.756    tsx0606699C  .State changed from Terminated to Destroyed, event=TIMER
13:50:54.756   tdta0603A5C0  ..Destroying txdata Request msg INFO/cseq=11542 (tdta0603A5C0)
13:50:54.756    tsx0606699C  ..Transaction destroyed!
13:50:54.998   strm06074E34 !Jitter buffer empty (prefetch=0), plc invoked
13:50:55.037   strm06074E34  Jitter buffer starts returning normal frames (after 1 empty/lost)
13:50:55.201   strm06074E34  Jitter buffer empty (prefetch=0), plc invoked
13:50:55.240   strm06074E34  Jitter buffer starts returning normal frames (after 1 empty/lost)
13:50:55.242   strm06074E34  Jitter buffer empty (prefetch=0), plc invoked
13:50:55.281   strm06074E34  Jitter buffer starts returning normal frames (after 1 empty/lost)
13:50:55.435   strm06074E34  Jitter buffer empty (prefetch=0), plc invoked
13:50:55.474   strm06074E34  Jitter buffer starts returning normal frames (after 1 empty/lost)
13:50:55.734    pjsua_acc.c !Sending 2 bytes keep-alive packet for acc 0 to 81.19.70.76:5060
13:50:55.734   tdta0603A5C0  Destroying txdata raw
13:50:55.760   strm06074E34 !Jitter buffer empty (prefetch=0), plc invoked
13:50:55.799   strm06074E34  Jitter buffer starts returning normal frames (after 1 empty/lost)
13:50:55.800   strm06074E34  Starting silence
13:50:55.832  pjsua_media.c !Sending video keyframe request via SIP INFO
13:50:55.832   pjsua_call.c  Call 0 sending INFO request..
13:50:55.832       endpoint  .Request msg INFO/cseq=11545 (tdta0603A5C0) created.
13:50:55.832    dlg0602A564  ..Sending Request msg INFO/cseq=11545 (tdta0603A5C0)
13:50:55.832    tsx0606699C  ...Transaction created for Request msg INFO/cseq=11544 (tdta0603A5C0)
13:50:55.832    tsx0606699C  ..Sending Request msg INFO/cseq=11544 (tdta0603A5C0) in state Null
13:50:55.832  sip_resolve.c  ...Target '81.19.70.76:0' type=Unspecified resolved to '81.19.70.76:5060' type=UDP (UDP transport)
13:50:55.832   pjsua_core.c  ...TX 654 bytes Request msg INFO/cseq=11544 (tdta0603A5C0) to UDP 81.19.70.76:5060:
INFO sip:rvoip-2@81.19.90.170:5080;ob SIP/2.0
v: SIP/2.0/UDP 172.16.0.232:5080;rport;branch=z9hG4bKPja262b599f5944d48ae4c152798b6ebc4
Max-Forwards: 70
f: <sip:rvoip-1@rambler.ru>;tag=9c694bd23c9d48cf9068cd296bbb29fd
t: <sip:rvoip-2@rambler.ru>;tag=rls6Lr.2nbfCWfiRW8K5w9838W3wr9eB
i: gtyTR19fwH7.2oMNYJSlLtu2JoyA0lSW
CSeq: 11544 INFO
Route: <sip:81.19.70.76;lr;ftag=rls6Lr.2nbfCWfiRW8K5w9838W3wr9eB;did=c85.7fe18414;vsf=AAAAAAAAAAAAAAAAAAAAAAAAAAAAAA-->
c: application/media_control+xml
l:   146

<?xml version="1.0" encoding="utf-8" ?><media_control><vc_primitive><to_encoder><picture_fast_update/></to_encoder></vc_primitive></media_control>
--end msg--
13:50:55.832    tsx0606699C  ...State changed from Null to Calling, event=TX_MSG
13:50:55.832    dlg0602A564  ....Transaction tsx0606699C state changed to Calling
13:50:55.839 sip_endpoint.c !Processing incoming message: Response msg 200/INFO/cseq=11544 (rdata060242BC)
13:50:55.839   pjsua_core.c  .RX 328 bytes Response msg 200/INFO/cseq=11544 (rdata060242BC) from UDP 81.19.70.76:5060:
SIP/2.0 200 OK
v: SIP/2.0/UDP 172.16.0.232:5080;rport=5080;received=172.16.0.232;branch=z9hG4bKPja262b599f5944d48ae4c152798b6ebc4
i: gtyTR19fwH7.2oMNYJSlLtu2JoyA0lSW
f: <sip:rvoip-1@rambler.ru>;tag=9c694bd23c9d48cf9068cd296bbb29fd
t: <sip:rvoip-2@rambler.ru>;tag=rls6Lr.2nbfCWfiRW8K5w9838W3wr9eB
CSeq: 11544 INFO
l:  0


--end msg--
13:50:55.839    tsx0606699C  .Incoming Response msg 200/INFO/cseq=11544 (rdata060242BC) in state Calling
13:50:55.839    tsx0606699C  ..State changed from Calling to Completed, event=RX_MSG
13:50:55.839    dlg0602A564  ...Received Response msg 200/INFO/cseq=11544 (rdata060242BC)
13:50:55.839    dlg0602A564  ...Transaction tsx0606699C state changed to Completed
13:50:55.962   strm06074E34 !Start talksprut..
13:50:56.002   strm06074E34  Starting silence
13:50:56.043   strm06074E34  Jitter buffer empty (prefetch=0), plc invoked
13:50:56.073   strm06074E34  Jitter buffer starts returning normal frames (after 1 empty/lost)
13:50:56.073   strm06074E34  Start talksprut..
13:50:56.115   strm06074E34  Jitter buffer empty (prefetch=0), plc invoked
13:50:56.154   strm06074E34  Jitter buffer starts returning normal frames (after 1 empty/lost)
13:50:56.522   strm06074E34  Jitter buffer empty (prefetch=0), plc invoked
13:50:56.561   strm06074E34  Jitter buffer starts returning normal frames (after 1 empty/lost)
13:50:56.878   strm06074E34  Jitter buffer empty (prefetch=0), plc invoked
13:50:56.916   strm06074E34  Jitter buffer starts returning normal frames (after 1 empty/lost)
13:50:57.162   strm06074E34  Jitter buffer empty (prefetch=0), plc invoked
13:50:57.394   strm06074E34  Jitter buffer starts returning normal frames (after 11 empty/lost)
13:50:57.517   strm06074E34  Jitter buffer empty (prefetch=0), plc invoked
13:50:57.556   strm06074E34  Jitter buffer starts returning normal frames (after 1 empty/lost)
13:50:57.756    tsx06039DF4 !Timeout timer event
13:50:57.756    tsx06039DF4  .State changed from Completed to Terminated, event=TIMER
13:50:57.756    dlg0602A564  ..Transaction tsx06039DF4 state changed to Terminated
13:50:57.757    tsx06039DF4  Timeout timer event
13:50:57.757    tsx06039DF4  .State changed from Terminated to Destroyed, event=TIMER
13:50:57.757   tdta06073B08  ..Destroying txdata Request msg INFO/cseq=11543 (tdta06073B08)
13:50:57.757    tsx06039DF4  ..Transaction destroyed!
13:50:58.635   strm06074E34 !Jitter buffer empty (prefetch=0), plc invoked
13:50:58.673   strm06074E34  Jitter buffer starts returning normal frames (after 1 empty/lost)
13:50:58.675   strm06074E34  Jitter buffer empty (prefetch=0), plc invoked
13:50:58.714   strm06074E34  Jitter buffer starts returning normal frames (after 1 empty/lost)
13:50:58.716   strm06074E34  Jitter buffer empty (prefetch=0), plc invoked
13:50:58.755   strm06074E34  Jitter buffer starts returning normal frames (after 1 empty/lost)
13:50:58.756   strm06074E34  Jitter buffer empty (prefetch=0), plc invoked
13:50:58.795   strm06074E34  Jitter buffer starts returning normal frames (after 1 empty/lost)
13:50:58.832  pjsua_media.c !Sending video keyframe request via SIP INFO
13:50:58.832   pjsua_call.c  Call 0 sending INFO request..
13:50:58.832       endpoint  .Request msg INFO/cseq=11546 (tdta06073B08) created.
13:50:58.832    dlg0602A564  ..Sending Request msg INFO/cseq=11546 (tdta06073B08)
13:50:58.832    tsx06039DF4  ...Transaction created for Request msg INFO/cseq=11545 (tdta06073B08)
13:50:58.832    tsx06039DF4  ..Sending Request msg INFO/cseq=11545 (tdta06073B08) in state Null
13:50:58.832  sip_resolve.c  ...Target '81.19.70.76:0' type=Unspecified resolved to '81.19.70.76:5060' type=UDP (UDP transport)
13:50:58.832   pjsua_core.c  ...TX 654 bytes Request msg INFO/cseq=11545 (tdta06073B08) to UDP 81.19.70.76:5060:
INFO sip:rvoip-2@81.19.90.170:5080;ob SIP/2.0
v: SIP/2.0/UDP 172.16.0.232:5080;rport;branch=z9hG4bKPjef6f308c07134ce8a7f1868def3def9e
Max-Forwards: 70
f: <sip:rvoip-1@rambler.ru>;tag=9c694bd23c9d48cf9068cd296bbb29fd
t: <sip:rvoip-2@rambler.ru>;tag=rls6Lr.2nbfCWfiRW8K5w9838W3wr9eB
i: gtyTR19fwH7.2oMNYJSlLtu2JoyA0lSW
CSeq: 11545 INFO
Route: <sip:81.19.70.76;lr;ftag=rls6Lr.2nbfCWfiRW8K5w9838W3wr9eB;did=c85.7fe18414;vsf=AAAAAAAAAAAAAAAAAAAAAAAAAAAAAA-->
c: application/media_control+xml
l:   146

<?xml version="1.0" encoding="utf-8" ?><media_control><vc_primitive><to_encoder><picture_fast_update/></to_encoder></vc_primitive></media_control>
--end msg--
13:50:58.832    tsx06039DF4  ...State changed from Null to Calling, event=TX_MSG
13:50:58.832    dlg0602A564  ....Transaction tsx06039DF4 state changed to Calling
13:50:58.840 sip_endpoint.c !Processing incoming message: Response msg 200/INFO/cseq=11545 (rdata060242BC)
13:50:58.840   pjsua_core.c  .RX 328 bytes Response msg 200/INFO/cseq=11545 (rdata060242BC) from UDP 81.19.70.76:5060:
SIP/2.0 200 OK
v: SIP/2.0/UDP 172.16.0.232:5080;rport=5080;received=172.16.0.232;branch=z9hG4bKPjef6f308c07134ce8a7f1868def3def9e
i: gtyTR19fwH7.2oMNYJSlLtu2JoyA0lSW
f: <sip:rvoip-1@rambler.ru>;tag=9c694bd23c9d48cf9068cd296bbb29fd
t: <sip:rvoip-2@rambler.ru>;tag=rls6Lr.2nbfCWfiRW8K5w9838W3wr9eB
CSeq: 11545 INFO
l:  0


--end msg--
13:50:58.840    tsx06039DF4  .Incoming Response msg 200/INFO/cseq=11545 (rdata060242BC) in state Calling
13:50:58.840    tsx06039DF4  ..State changed from Calling to Completed, event=RX_MSG
13:50:58.840    dlg0602A564  ...Received Response msg 200/INFO/cseq=11545 (rdata060242BC)
13:50:58.840    dlg0602A564  ...Transaction tsx06039DF4 state changed to Completed
13:50:59.348 sip_endpoint.c  Processing incoming message: Request msg BYE/cseq=27562 (rdata060242BC)
13:50:59.348   pjsua_core.c  .RX 453 bytes Request msg BYE/cseq=27562 (rdata060242BC) from UDP 81.19.70.76:5060:
BYE sip:rvoip-1@172.16.0.232:5080;ob SIP/2.0
Via: SIP/2.0/UDP 81.19.70.76;branch=z9hG4bK38b.a41f1295.0
v: SIP/2.0/UDP 81.19.90.170:5080;received=81.19.90.170;rport=5080;branch=z9hG4bKPj0LxLaQjJF02SCyEr52MjUm837nZvJKM-
Max-Forwards: 69
f: <sip:rvoip-2@rambler.ru>;tag=rls6Lr.2nbfCWfiRW8K5w9838W3wr9eB
t: sip:rvoip-1@rambler.ru;tag=9c694bd23c9d48cf9068cd296bbb29fd
i: gtyTR19fwH7.2oMNYJSlLtu2JoyA0lSW
CSeq: 27562 BYE
l:  0
P-hint: rr-enforced


--end msg--
13:50:59.348    dlg0602A564  .Received Request msg BYE/cseq=27562 (rdata060242BC)
13:50:59.348    tsx06069D0C  ...Transaction created for Request msg BYE/cseq=27562 (rdata060242BC)
13:50:59.348    tsx06069D0C  ..Incoming Request msg BYE/cseq=27562 (rdata060242BC) in state Null
13:50:59.348    tsx06069D0C  ...State changed from Null to Trying, event=RX_MSG
13:50:59.348    dlg0602A564  ....Transaction tsx06069D0C state changed to Trying
13:50:59.348       endpoint  .....Response msg 200/BYE/cseq=27562 (tdta0606A4D8) created
13:50:59.348    dlg0602A564  ......Sending Response msg 200/BYE/cseq=27562 (tdta0606A4D8)
13:50:59.348    tsx06069D0C  ......Sending Response msg 200/BYE/cseq=27562 (tdta0606A4D8) in state Trying
13:50:59.348  sip_resolve.c  .......Target '81.19.70.76:5060' type=UDP resolved to '81.19.70.76:5060' type=UDP (UDP transport)
13:50:59.348   pjsua_core.c  .......TX 405 bytes Response msg 200/BYE/cseq=27562 (tdta0606A4D8) to UDP 81.19.70.76:5060:
SIP/2.0 200 OK
v: SIP/2.0/UDP 81.19.70.76;received=81.19.70.76;branch=z9hG4bK38b.a41f1295.0
v: SIP/2.0/UDP 81.19.90.170:5080;rport=5080;received=81.19.90.170;branch=z9hG4bKPj0LxLaQjJF02SCyEr52MjUm837nZvJKM-
i: gtyTR19fwH7.2oMNYJSlLtu2JoyA0lSW
f: <sip:rvoip-2@rambler.ru>;tag=rls6Lr.2nbfCWfiRW8K5w9838W3wr9eB
t: <sip:rvoip-1@rambler.ru>;tag=9c694bd23c9d48cf9068cd296bbb29fd
CSeq: 27562 BYE
l:  0


--end msg--
13:50:59.348    tsx06069D0C  .......State changed from Trying to Completed, event=TX_MSG
13:50:59.348    dlg0602A564  ........Transaction tsx06069D0C state changed to Completed
13:50:59.348     vidgui.cpp  ......Call is DISCONNCTD (Normal call clearing)
13:50:59.348  pjsua_media.c  ......Call 0: deinitializing media..
13:50:59.349   strm06074E34  ........JB summary:
  size=2/eff=2 prefetch=0 level=3
  delay (min/max/avg/dev)=20/80/43/13 ms
  burst (min/max/avg/dev)=1/4/2/0 frames
  lost=1 discard=0 empty=187
13:50:59.349  pjsua_media.c  ........Media session call00:0 is destroyed
13:50:59.349    pjsua_vid.c  ........Stopping video stream..
13:50:59.601     vidwin.cpp !001007F2 revert parent handle to 00000000
13:51:00.519    dshow_dev.c !.........Stopping dshow video stream
13:51:00.519    pjsua_vid.c  .........Window 1: destroying..
13:51:01.519    dshow_dev.c  ..........Stopping dshow video stream
13:51:01.519     vid_port.c  ..........Closing Sony Visual Communication Camera..
13:51:02.519    dshow_dev.c  ..........Stopping dshow video stream
13:51:02.523      sdl_dev.c  ..........Stopping sdl video stream
13:51:02.523     vid_port.c  ..........Closing SDL renderer..
13:51:02.523      sdl_dev.c  ..........Stopping sdl video stream
13:51:02.582          clock !Thread stack max usage=2093 by d:\concept\pjsip_mod\pjlib\src\pj\os_core_win32.c:924
13:51:02.582      sdl_dev.c !.........Stopping sdl video stream
13:51:02.582    pjsua_vid.c  .........Window 0: destroying..
13:51:02.582      sdl_dev.c  ..........Stopping sdl video stream
13:51:02.582     vid_port.c  ..........Closing SDL renderer..
13:51:02.582      sdl_dev.c  ..........Stopping sdl video stream
13:51:02.609 vstdec06089634  .........JB summary:
  size=11/eff=11 prefetch=0 level=0
  delay (min/max/avg/dev)=0/0/0/0 ms
  burst (min/max/avg/dev)=0/0/0/0 frames
  lost=0 discard=0 empty=0
13:51:02.609  pjsua_media.c  ........Media session call00:1 is destroyed
13:51:02.609    dlg0602A564  ......Session count dec to 3 by mod-invite
13:51:02.610  pjsua_media.c  Closing sound device after idle for 1 seconds
13:51:02.610  pjsua_media.c  .Closing Переназначение звуковых устр. - Output sound playback device and Переназначение звуковых устр. - Input sound capture device
13:51:02.641       pa_dev.c  .Stopping stream..
13:51:02.655       pa_dev.c  .Done, status=0
13:51:02.655       pa_dev.c  .Closing Переназначение звуковых устр. - Input: 0 underflow, 0 overflow
13:51:02.663    tsx0606699C  Timeout timer event
13:51:02.664    tsx0606699C  .State changed from Completed to Terminated, event=TIMER
13:51:02.664    dlg0602A564  ..Transaction tsx0606699C state changed to Terminated
13:51:02.674    tsx0606699C  Timeout timer event
13:51:02.674    tsx0606699C  .State changed from Terminated to Destroyed, event=TIMER
13:51:02.674   tdta0603A5C0  ..Destroying txdata Request msg INFO/cseq=11544 (tdta0603A5C0)
13:51:02.674    tsx0606699C  ..Transaction destroyed!
13:51:03.840    tsx06039DF4  Timeout timer event
13:51:03.840    tsx06039DF4  .State changed from Completed to Terminated, event=TIMER
13:51:03.840    dlg0602A564  ..Transaction tsx06039DF4 state changed to Terminated
13:51:03.840    tsx06039DF4  Timeout timer event
13:51:03.840    tsx06039DF4  .State changed from Terminated to Destroyed, event=TIMER
13:51:03.840   tdta06073B08  ..Destroying txdata Request msg INFO/cseq=11545 (tdta06073B08)
13:51:03.840    tsx06039DF4  ..Transaction destroyed!
13:51:10.734    pjsua_acc.c  Sending 2 bytes keep-alive packet for acc 0 to 81.19.70.76:5060
13:51:10.734   tdta06073B08  Destroying txdata raw
13:51:17.143   pjsua_core.c !PJSUA state changed: RUNNING --> CLOSING
13:51:17.144          pjsua !Thread stack max usage=12885 by d:\concept\pjsip_mod\pjlib\src\pj\pool_policy_malloc.c:37
13:51:17.144   pjsua_core.c !Shutting down, flags=0...
13:51:17.144   pjsua_call.c  .Hangup all calls..
13:51:17.144   pjsua_pres.c  .Shutting down presence..
13:51:17.144  pjsua_media.c  .Shutting down media..
13:51:17.144    pjsua_vid.c  ..Destroying video subsystem..
13:51:17.144    pjsua_vid.c  ...Window 0: destroying..
13:51:17.144    pjsua_vid.c  ...Window 1: destroying..
13:51:17.144    pjsua_vid.c  ...Window 2: destroying..
13:51:17.144    pjsua_vid.c  ...Window 3: destroying..
13:51:17.144    pjsua_vid.c  ...Window 4: destroying..
13:51:17.144    pjsua_vid.c  ...Window 5: destroying..
13:51:17.144    pjsua_vid.c  ...Window 6: destroying..
13:51:17.144    pjsua_vid.c  ...Window 7: destroying..
13:51:17.144    pjsua_vid.c  ...Window 8: destroying..
13:51:17.144    pjsua_vid.c  ...Window 9: destroying..
13:51:17.144    pjsua_vid.c  ...Window 10: destroying..
13:51:17.144    pjsua_vid.c  ...Window 11: destroying..
13:51:17.144    pjsua_vid.c  ...Window 12: destroying..
13:51:17.144    pjsua_vid.c  ...Window 13: destroying..
13:51:17.144    pjsua_vid.c  ...Window 14: destroying..
13:51:17.144    pjsua_vid.c  ...Window 15: destroying..
13:51:17.144     sdl_thread !Thread stack max usage=509 by d:\concept\pjsip_mod\pjlib\src\pj\os_core_win32.c:1119
13:51:17.145         job_th !Thread stack max usage=949 by d:\concept\pjsip_mod\pjlib\src\pj\os_core_win32.c:924
13:51:17.147      ev_thread !Thread stack max usage=7621 by d:\concept\pjsip_mod\pjlib\src\pj\os_core_win32.c:1405
13:51:17.610          media !Thread stack max usage=6921 by d:\concept\pjsip_mod\pjlib\src\pj\os_core_win32.c:1405
13:51:17.610       pa_dev.c !..PortAudio sound library shutting down..
13:51:17.610    pjsua_acc.c  .Acc 0: setting unregistration..
13:51:17.610       endpoint  ..Request msg REGISTER/cseq=40006 (tdta02AD2980) created.
13:51:17.610    tsx0606699C  ...Transaction created for Request msg REGISTER/cseq=40007 (tdta02AD2980)
13:51:17.610    tsx0606699C  ..Sending Request msg REGISTER/cseq=40007 (tdta02AD2980) in state Null
13:51:17.610  sip_resolve.c  ...DNS resolver not available, target 'vsip.rambler.ru:0' type=Unspecified will be resolved with getaddrinfo()
13:51:17.610  sip_resolve.c  ...Target 'vsip.rambler.ru:0' type=Unspecified resolved to '81.19.70.76:5060' type=UDP (UDP transport)
13:51:17.611   pjsua_core.c  ...TX 392 bytes Request msg REGISTER/cseq=40007 (tdta02AD2980) to UDP 81.19.70.76:5060:
REGISTER sip:vsip.rambler.ru SIP/2.0
v: SIP/2.0/UDP 172.16.0.232:5080;rport;branch=z9hG4bKPj1b2c538483ec4b2eb6e17f5e36523777
Route: <sip:vsip.rambler.ru;lr>
Max-Forwards: 70
f: <sip:rvoip-1@rambler.ru>;tag=cc07d6e148db42e7b60bde9043071946
t: <sip:rvoip-1@rambler.ru>
i: a11179983c984138b1e5cedb799f297b
CSeq: 40007 REGISTER
m: <sip:rvoip-1@172.16.0.232:5080;ob>
Expires: 0
l:  0


--end msg--
13:51:17.611    tsx0606699C  ...State changed from Null to Calling, event=TX_MSG
13:51:17.611    pjsua_acc.c  ..Acc 0: Unregistration sent
13:51:17.613 sip_endpoint.c  .Processing incoming message: Response msg 401/REGISTER/cseq=40007 (rdata060242BC)
13:51:17.613   pjsua_core.c  ..RX 458 bytes Response msg 401/REGISTER/cseq=40007 (rdata060242BC) from UDP 81.19.70.76:5060:
SIP/2.0 401 Unauthorized
v: SIP/2.0/UDP 172.16.0.232:5080;rport=5080;branch=z9hG4bKPj1b2c538483ec4b2eb6e17f5e36523777
f: <sip:rvoip-1@rambler.ru>;tag=cc07d6e148db42e7b60bde9043071946
t: <sip:rvoip-1@rambler.ru>;tag=55f576c530866cae25bd5851ec979fff.1ec2
i: a11179983c984138b1e5cedb799f297b
CSeq: 40007 REGISTER
WWW-Authenticate: Digest realm="rambler.ru", nonce="4f75823300000dd22ed55375bfcfdd17d8c16e88bcc0302a"
Server: OpenSIPS
Content-Length: 0


--end msg--
13:51:17.613    tsx0606699C  ..Incoming Response msg 401/REGISTER/cseq=40007 (rdata060242BC) in state Calling
13:51:17.613    tsx0606699C  ...State changed from Calling to Completed, event=RX_MSG
13:51:17.613    tsx02AC697C  .....Transaction created for Request msg REGISTER/cseq=40008 (tdta02AD2980)
13:51:17.613    tsx02AC697C  ....Sending Request msg REGISTER/cseq=40008 (tdta02AD2980) in state Null
13:51:17.613       endpoint  .....Request msg REGISTER/cseq=40008 (tdta02AD2980): skipping target resolution because address is already set
13:51:17.613   pjsua_core.c  .....TX 584 bytes Request msg REGISTER/cseq=40008 (tdta02AD2980) to UDP 81.19.70.76:5060:
REGISTER sip:vsip.rambler.ru SIP/2.0
v: SIP/2.0/UDP 172.16.0.232:5080;rport;branch=z9hG4bKPj33884696440942d484559ac7673f410d
Route: <sip:vsip.rambler.ru;lr>
Max-Forwards: 70
f: <sip:rvoip-1@rambler.ru>;tag=cc07d6e148db42e7b60bde9043071946
t: <sip:rvoip-1@rambler.ru>
i: a11179983c984138b1e5cedb799f297b
CSeq: 40008 REGISTER
m: <sip:rvoip-1@172.16.0.232:5080;ob>
Expires: 0
Authorization: Digest username="rvoip-1", realm="rambler.ru", nonce="4f75823300000dd22ed55375bfcfdd17d8c16e88bcc0302a", uri="sip:vsip.rambler.ru", response="29c5ea0d84db8bd0536bb01ce0a13438"
l:  0


--end msg--
13:51:17.613    tsx02AC697C  .....State changed from Null to Calling, event=TX_MSG
13:51:17.630 sip_endpoint.c  .Processing incoming message: Response msg 200/REGISTER/cseq=40008 (rdata0602407C)
13:51:17.630   pjsua_core.c  ..RX 345 bytes Response msg 200/REGISTER/cseq=40008 (rdata0602407C) from UDP 81.19.70.76:5060:
SIP/2.0 200 OK
v: SIP/2.0/UDP 172.16.0.232:5080;rport=5080;branch=z9hG4bKPj33884696440942d484559ac7673f410d
f: <sip:rvoip-1@rambler.ru>;tag=cc07d6e148db42e7b60bde9043071946
t: <sip:rvoip-1@rambler.ru>;tag=55f576c530866cae25bd5851ec979fff.ed59
i: a11179983c984138b1e5cedb799f297b
CSeq: 40008 REGISTER
Server: OpenSIPS
Content-Length: 0


--end msg--
13:51:17.630    tsx02AC697C  ..Incoming Response msg 200/REGISTER/cseq=40008 (rdata0602407C) in state Calling
13:51:17.630    tsx02AC697C  ...State changed from Calling to Completed, event=RX_MSG
13:51:17.630    pjsua_acc.c  .....<sip:rvoip-1@rambler.ru>: unregistration success
13:51:17.630     vidgui.cpp  .....<sip:rvoip-1@rambler.ru>: 200/OK (expires=-1)

13:51:18.611   pjsua_core.c  .Destroying...
13:51:18.611 sip_endpoint.c  .Destroying endpoing instance..
13:51:18.611 sip_transactio  .Stopping transaction layer module
13:51:18.611    tsx02AC697C  .Request to terminate transaction
13:51:18.611    tsx02AC697C  ..State changed from Completed to Terminated, event=USER
13:51:18.611    tsx02AC697C  .Transaction destroyed!
13:51:18.611    tsx0606699C  .Request to terminate transaction
13:51:18.611    tsx0606699C  ..State changed from Completed to Terminated, event=USER
13:51:18.611   tdta02AD2980  .Destroying txdata Request msg REGISTER/cseq=40008 (tdta02AD2980)
13:51:18.611    tsx0606699C  .Transaction destroyed!
13:51:18.611    tsx06069D0C  .Request to terminate transaction
13:51:18.611    tsx06069D0C  ..State changed from Completed to Terminated, event=USER
13:51:18.611    dlg0602A564  ...Transaction tsx06069D0C state changed to Terminated
13:51:18.611    dlg0602A564  ....Dialog destroyed
13:51:18.611   tdta0606A4D8  .Destroying txdata Response msg 200/BYE/cseq=27562 (tdta0606A4D8)
13:51:18.611    tsx06069D0C  .Transaction destroyed!
13:51:18.611 sip_endpoint.c  .Module "mod-default-handler" unregistered
13:51:18.611 sip_endpoint.c  .Module "mod-unsolicited-mwi" unregistered
13:51:18.611 sip_endpoint.c  .Module "mod-pjsua-options" unregistered
13:51:18.611 sip_endpoint.c  .Module "mod-pjsua-im" unregistered
13:51:18.611 sip_endpoint.c  .Module "mod-pjsua-pres" unregistered
13:51:18.611 sip_endpoint.c  .Module "mod-pjsua" unregistered
13:51:18.611 sip_endpoint.c  .Module "mod-stateful-util" unregistered
13:51:18.611 sip_endpoint.c  .Module "mod-refer" unregistered
13:51:18.611 sip_endpoint.c  .Module "mod-mwi" unregistered
13:51:18.611 sip_endpoint.c  .Module "mod-presence" unregistered
13:51:18.611 sip_endpoint.c  .Module "mod-evsub" unregistered
13:51:18.611 sip_endpoint.c  .Module "mod-invite" unregistered
13:51:18.611 sip_endpoint.c  .Module "mod-100rel" unregistered
13:51:18.611 sip_endpoint.c  .Module "mod-ua" unregistered
13:51:18.611 sip_transactio  .Transaction layer module destroyed
13:51:18.611 sip_endpoint.c  .Module "mod-tsx-layer" unregistered
13:51:18.611 sip_endpoint.c  .Module "mod-msg-print" unregistered
13:51:18.611 sip_endpoint.c  .Module "mod-pjsua-log" unregistered
13:51:18.611 sip_transport.  .Destroying transport manager
13:51:18.612 sip_endpoint.c  .Endpoint 02A8C08C destroyed
13:51:18.612   pjsua_core.c  .PJSUA state changed: CLOSING --> NULL
13:51:18.612   pjsua_core.c  .PJSUA destroyed...
